<?xml version="1.0" encoding="UTF-8"?>
<!-- Generated by org.testng.reporters.JUnitXMLReporter -->
<testsuite ignored="4" hostname="DESKTOP-B7TA9U2" failures="0" tests="3" name="Test" time="46.644" errors="0" timestamp="2025-03-06T10:23:36 IST">
  <testcase classname="testcases.Login" name="LoginData" time="25.474"/>
  <testcase classname="testcases.Menu" name="clickMenuTab" time="4.088"/>
  <testcase classname="testcases.NewAppointment" name="NewAppointment" time="16.397"/>
  <testcase classname="TestNG.TestNG.Base" name="@AfterSuite getDriver" time="0.0">
    <ignored/>
  </testcase> <!-- @AfterSuite getDriver -->
  <testcase classname="TestNG.TestNG.Base" name="@BeforeSuite setup" time="0.0">
    <ignored/>
  </testcase> <!-- @BeforeSuite setup -->
  <testcase classname="TestNG.TestNG.Base" name="@AfterSuite getDriver" time="0.0">
    <ignored/>
  </testcase> <!-- @AfterSuite getDriver -->
  <testcase classname="TestNG.TestNG.Base" name="@BeforeSuite setup" time="0.0">
    <ignored/>
  </testcase> <!-- @BeforeSuite setup -->
</testsuite> <!-- Test -->
