<?xml version="1.0" encoding="UTF-8"?>
<testng-results ignored="0" total="3" passed="3" failed="0" skipped="0">
  <reporter-output>
  </reporter-output>
  <suite started-at="2025-03-06T10:22:50 IST" name="Suite" finished-at="2025-03-06T10:23:36 IST" duration-ms="46644">
    <groups>
    </groups>
    <test started-at="2025-03-06T10:22:50 IST" name="Test" finished-at="2025-03-06T10:23:36 IST" duration-ms="46644">
      <class name="testcases.Login">
        <test-method is-config="true" signature="setup()[pri:0, instance:testcases.Login@183ec003]" started-at="2025-03-06T10:22:34 IST" name="setup" finished-at="2025-03-06T10:22:50 IST" duration-ms="15700" status="PASS">
          <reporter-output>
          </reporter-output>
        </test-method> <!-- setup -->
        <test-method signature="LoginData(java.lang.String,java.lang.String)[pri:0, instance:testcases.Login@183ec003]" started-at="2025-03-06T10:22:50 IST" name="LoginData" data-provider="LoginData" finished-at="2025-03-06T10:23:16 IST" duration-ms="25474" status="PASS">
          <params>
            <param index="0">
              <value>
                <![CDATA[7457413014]]>
              </value>
            </param>
            <param index="1">
              <value>
                <![CDATA[THATtime321!A]]>
              </value>
            </param>
          </params>
          <reporter-output>
          </reporter-output>
        </test-method> <!-- LoginData -->
        <test-method is-config="true" signature="getDriver()[pri:0, instance:testcases.Login@183ec003]" started-at="2025-03-06T10:23:36 IST" name="getDriver" finished-at="2025-03-06T10:23:36 IST" duration-ms="0" status="PASS">
          <reporter-output>
          </reporter-output>
        </test-method> <!-- getDriver -->
      </class> <!-- testcases.Login -->
      <class name="testcases.Menu">
        <test-method signature="clickMenuTab()[pri:2, instance:testcases.Menu@4d1c005e]" started-at="2025-03-06T10:23:16 IST" name="clickMenuTab" finished-at="2025-03-06T10:23:20 IST" duration-ms="4088" status="PASS">
          <reporter-output>
          </reporter-output>
        </test-method> <!-- clickMenuTab -->
      </class> <!-- testcases.Menu -->
      <class name="testcases.NewAppointment">
        <test-method signature="NewAppointment()[pri:0, instance:testcases.NewAppointment@8462f31]" started-at="2025-03-06T10:23:20 IST" name="NewAppointment" finished-at="2025-03-06T10:23:36 IST" duration-ms="16397" status="PASS">
          <reporter-output>
          </reporter-output>
        </test-method> <!-- NewAppointment -->
      </class> <!-- testcases.NewAppointment -->
    </test> <!-- Test -->
  </suite> <!-- Suite -->
</testng-results>
