<?xml version="1.0" encoding="UTF-8"?>
<testng-results ignored="0" total="3" passed="3" failed="0" skipped="0">
  <reporter-output>
  </reporter-output>
  <suite started-at="2025-06-10T16:01:27 IST" name="Suite" finished-at="2025-06-10T16:01:42 IST" duration-ms="14779">
    <groups>
    </groups>
    <test started-at="2025-06-10T16:01:27 IST" name="Test" finished-at="2025-06-10T16:01:42 IST" duration-ms="14779">
      <class name="pom.Test.DashboardTest">
        <test-method is-config="true" signature="setUpDashboardPage()[pri:0, instance:pom.Test.DashboardTest@673fdbce]" started-at="2025-06-10T16:01:32 IST" name="setUpDashboardPage" finished-at="2025-06-10T16:01:32 IST" duration-ms="1" status="PASS">
          <reporter-output>
          </reporter-output>
        </test-method> <!-- setUpDashboardPage -->
        <test-method signature="Calendar()[pri:2, instance:pom.Test.DashboardTest@673fdbce]" started-at="2025-06-10T16:01:32 IST" name="Calendar" finished-at="2025-06-10T16:01:33 IST" duration-ms="1224" status="PASS">
          <reporter-output>
          </reporter-output>
        </test-method> <!-- Calendar -->
      </class> <!-- pom.Test.DashboardTest -->
      <class name="pom.Test.CalendarTest">
        <test-method is-config="true" signature="init()[pri:0, instance:pom.Test.CalendarTest@5965d37]" started-at="2025-06-10T16:01:33 IST" name="init" finished-at="2025-06-10T16:01:33 IST" duration-ms="9" status="PASS">
          <reporter-output>
          </reporter-output>
        </test-method> <!-- init -->
        <test-method signature="newAppointment()[pri:3, instance:pom.Test.CalendarTest@5965d37]" started-at="2025-06-10T16:01:33 IST" name="newAppointment" finished-at="2025-06-10T16:01:42 IST" duration-ms="8690" status="PASS">
          <reporter-output>
          </reporter-output>
        </test-method> <!-- newAppointment -->
      </class> <!-- pom.Test.CalendarTest -->
      <class name="pom.Test.LogInTest">
        <test-method is-config="true" signature="setup()[pri:0, instance:pom.Test.LogInTest@6f53b8a]" started-at="2025-06-10T16:01:17 IST" name="setup" finished-at="2025-06-10T16:01:27 IST" duration-ms="9405" status="PASS">
          <reporter-output>
          </reporter-output>
        </test-method> <!-- setup -->
        <test-method is-config="true" signature="initPages()[pri:0, instance:pom.Test.LogInTest@6f53b8a]" started-at="2025-06-10T16:01:27 IST" name="initPages" finished-at="2025-06-10T16:01:27 IST" duration-ms="133" status="PASS">
          <reporter-output>
          </reporter-output>
        </test-method> <!-- initPages -->
        <test-method signature="logIn()[pri:1, instance:pom.Test.LogInTest@6f53b8a]" started-at="2025-06-10T16:01:27 IST" name="logIn" finished-at="2025-06-10T16:01:32 IST" duration-ms="4606" status="PASS">
          <reporter-output>
          </reporter-output>
        </test-method> <!-- logIn -->
        <test-method is-config="true" signature="getDriver()[pri:0, instance:pom.Test.LogInTest@6f53b8a]" started-at="2025-06-10T16:01:42 IST" name="getDriver" finished-at="2025-06-10T16:01:42 IST" duration-ms="1" status="PASS">
          <reporter-output>
          </reporter-output>
        </test-method> <!-- getDriver -->
      </class> <!-- pom.Test.LogInTest -->
    </test> <!-- Test -->
  </suite> <!-- Suite -->
</testng-results>
